cycle 0
$00: 0x00000000
$01: 0x00000000
$02: 0x00000000
$03: 0x00000000
$04: 0x00000000
$05: 0x00000000
$06: 0x00000000
$07: 0x00000000
$08: 0x00000000
$09: 0x00000000
$10: 0x00000000
$11: 0x00000000
$12: 0x00000000
$13: 0x00000000
$14: 0x00000000
$15: 0x00000000
$16: 0x00000000
$17: 0x00000000
$18: 0x00000000
$19: 0x00000000
$20: 0x00000000
$21: 0x00000000
$22: 0x00000000
$23: 0x00000000
$24: 0x00000000
$25: 0x00000000
$26: 0x00000000
$27: 0x00000000
$28: 0x00000000
$29: 0x0000007B
$30: 0x00000000
$31: 0x00000000
$HI: 0x00000000
$LO: 0x00000000
PC: 0x00000010


cycle 1
PC: 0x00000014


cycle 2
PC: 0x00000018


cycle 3
PC: 0x0000001C


cycle 4
$27: 0x00000001
PC: 0x00000020


cycle 5
PC: 0x00000024


cycle 6
$29: 0x00000001
PC: 0x00000028


cycle 7
$29: 0x7FFF0000
PC: 0x0000002C


cycle 8
$29: 0x7FFFFFFF
PC: 0x00000030


cycle 9
$31: 0x00000001
PC: 0x00000034


cycle 10
$31: 0x80000000
PC: 0x00000038


cycle 11
$31: 0x00000001
PC: 0x0000003C


cycle 12
$31: 0x80000000
PC: 0x00000040


cycle 13
$31: 0xFFFFFFFF
PC: 0x00000044


cycle 14
$31: 0x00000001
PC: 0x00000048


cycle 15
$29: 0x80000000
PC: 0x0000004C


cycle 16
PC: 0x00000008


cycle 17
PC: 0x0000000C


cycle 18
PC: 0x00000010


cycle 19
$29: 0x0000007B
PC: 0x00000014


cycle 20
PC: 0x00000018


cycle 21
PC: 0x0000001C


cycle 22
PC: 0x00000020


cycle 23
PC: 0x00000050


cycle 24
$01: 0x00000001
PC: 0x00000054


cycle 25
$02: 0xFFFFFFFF
PC: 0x00000058


cycle 26
$30: 0x80000000
PC: 0x0000005C


cycle 27
$29: 0x7FFF0000
PC: 0x00000060


cycle 28
$29: 0x7FFFFFFF
PC: 0x00000064


cycle 29
PC: 0x00000068


cycle 30
PC: 0x0000006C


cycle 31
$04: 0x80000000
PC: 0x00000070


cycle 32
PC: 0x00000074


cycle 33
$04: 0x7FFFFFFE
PC: 0x00000078


cycle 34
PC: 0x0000007C


cycle 35
$04: 0x80000000
PC: 0x00000080


cycle 36
$04: 0x7FFFFFFF
PC: 0x00000084


cycle 37
$04: 0x7FFFFFFE
PC: 0x00000088


cycle 38
PC: 0x0000008C


cycle 39
PC: 0x00000090


cycle 40
$04: 0x00000000
PC: 0x00000094


cycle 41
$04: 0x80000000
PC: 0x00000098


cycle 42
PC: 0x0000009C


cycle 43
$04: 0x80000001
PC: 0x000000A0


cycle 44
$04: 0x00000000
PC: 0x000000A4


cycle 45
$04: 0x7FFFFFFF
PC: 0x000000A8


cycle 46
PC: 0x000000AC


cycle 47
$04: 0x80000001
PC: 0x000000B0


cycle 48
PC: 0x000000B4


cycle 49
$04: 0x7FFFFFFF
PC: 0x000000B8


cycle 50
PC: 0x000000BC


cycle 51
PC: 0x000000C0


cycle 52
$04: 0x00000000
PC: 0x000000C4


cycle 53
$04: 0x80000001
PC: 0x000000C8


cycle 54
$03: 0xABCD0000
PC: 0x000000CC


cycle 55
$03: 0xABCD1234
PC: 0x000000D0


cycle 56
$04: 0x56780000
PC: 0x000000D4


cycle 57
$04: 0xABCD9ABC
PC: 0x000000D8


cycle 58
$05: 0xABCD1234
PC: 0x000000DC


cycle 59
$05: 0xABCD9ABC
PC: 0x000000E0


cycle 60
$05: 0x00008888
PC: 0x000000E4


cycle 61
$05: 0x54326543
PC: 0x000000E8


cycle 62
$05: 0x5432EDCB
PC: 0x000000EC


cycle 63
$05: 0x00001030
PC: 0x000000F0


cycle 64
$05: 0x00008224
PC: 0x000000F4


cycle 65
$05: 0xABCD9BB6
PC: 0x000000F8


cycle 66
$05: 0xABCD9FFC
PC: 0x000000FC


cycle 67
$05: 0x54326449
PC: 0x00000100


cycle 68
$05: 0x54326003
PC: 0x00000104


cycle 69
$03: 0x18870000
PC: 0x00000108


cycle 70
$03: 0x18878954
PC: 0x0000010C


cycle 71
$04: 0xAB140000
PC: 0x00000110


cycle 72
$04: 0x1887897C
PC: 0x00000114


cycle 73
$05: 0x18878954
PC: 0x00000118


cycle 74
$05: 0x1887897C
PC: 0x0000011C


cycle 75
$05: 0x00000028
PC: 0x00000120


cycle 76
$05: 0xE7787683
PC: 0x00000124


cycle 77
$05: 0xE77876AB
PC: 0x00000128


cycle 78
$05: 0x00008910
PC: 0x0000012C


cycle 79
$05: 0x00008164
PC: 0x00000130


cycle 80
$05: 0x188799F6
PC: 0x00000134


cycle 81
$05: 0x18878F7C
PC: 0x00000138


cycle 82
$05: 0xE7786609
PC: 0x0000013C


cycle 83
$05: 0xE7787083
PC: 0x00000140


cycle 84
PC: 0x00000144


cycle 85
PC: 0x00000148


cycle 86
PC: 0x0000014C


cycle 87
PC: 0x00000150


cycle 88
PC: 0x00000154


cycle 89
PC: 0x00000158


cycle 90
PC: 0x0000015C


cycle 91
PC: 0x00000160


cycle 92
$03: 0x00000001
PC: 0x00000164


cycle 93
$03: 0x00000000
PC: 0x00000168


cycle 94
PC: 0x0000016C


cycle 95
$03: 0x00000001
PC: 0x00000170


cycle 96
$03: 0x00000000
PC: 0x00000174


cycle 97
$03: 0x00000001
PC: 0x00000178


cycle 98
$03: 0x18870000
PC: 0x0000017C


cycle 99
$03: 0x18878954
PC: 0x00000180


cycle 100
$04: 0xAB140000
PC: 0x00000184


cycle 101
$04: 0x1887897C
PC: 0x00000188


cycle 102
$05: 0x00000001
PC: 0x0000018C


cycle 103
PC: 0x00000190


cycle 104
$05: 0x00000000
PC: 0x00000194


cycle 105
PC: 0x00000198


cycle 106
PC: 0x0000019C


cycle 107
PC: 0x000001A0


cycle 108
PC: 0x000001A4


cycle 109
$01: 0x00000000
PC: 0x000001A8


cycle 110
PC: 0x000001AC


cycle 111
PC: 0x000001B0


cycle 112
$03: 0x88870000
PC: 0x000001B4


cycle 113
$03: 0x88878954
PC: 0x000001B8


cycle 114
$04: 0x1B140000
PC: 0x000001BC


cycle 115
$04: 0x8887897C
PC: 0x000001C0


cycle 116
$05: 0x8887897C
PC: 0x000001C4


cycle 117
$05: 0x443C4BE0
PC: 0x000001C8


cycle 118
$05: 0x00000000
PC: 0x000001CC


cycle 119
$05: 0x88878954
PC: 0x000001D0


cycle 120
$05: 0x443C4AA0
PC: 0x000001D4


cycle 121
$05: 0x00000000
PC: 0x000001D8


cycle 122
$05: 0x8887897C
PC: 0x000001DC


cycle 123
$05: 0x1110F12F
PC: 0x000001E0


cycle 124
$05: 0x00000001
PC: 0x000001E4


cycle 125
$05: 0x88878954
PC: 0x000001E8


cycle 126
$05: 0x1110F12A
PC: 0x000001EC


cycle 127
$05: 0x00888789
PC: 0x000001F0


cycle 128
$05: 0x00000001
PC: 0x000001F4


cycle 129
$05: 0x8887897C
PC: 0x000001F8


cycle 130
$05: 0xF110F12F
PC: 0x000001FC


cycle 131
$05: 0xFFFFFFFF
PC: 0x00000200


cycle 132
$05: 0x88878954
PC: 0x00000204


cycle 133
$05: 0xF110F12A
PC: 0x00000208


cycle 134
$05: 0xFFFFFFFF
PC: 0x0000020C


cycle 135
$03: 0x00000060
PC: 0x00000210


cycle 136
PC: 0x00000214


cycle 137
$06: 0x00000001
PC: 0x00000218


cycle 138
PC: 0x00000060


cycle 139
PC: 0x00000064


cycle 140
PC: 0x00000068


cycle 141
PC: 0x0000006C


cycle 142
$04: 0x7FFFFFFF
PC: 0x00000070


cycle 143
PC: 0x00000074


cycle 144
$04: 0x7FFFFFFE
PC: 0x00000078


cycle 145
PC: 0x0000007C


cycle 146
$04: 0x7FFFFFFF
PC: 0x00000080


cycle 147
$04: 0x8000005F
PC: 0x00000084


cycle 148
$04: 0x7FFFFFFE
PC: 0x00000088


cycle 149
PC: 0x0000008C


cycle 150
$04: 0x7FFFFFFF
PC: 0x00000090


cycle 151
$04: 0x00000000
PC: 0x00000094


cycle 152
$04: 0x80000000
PC: 0x00000098


cycle 153
PC: 0x0000009C


cycle 154
PC: 0x000000A0


cycle 155
$04: 0x00000000
PC: 0x000000A4


cycle 156
$04: 0x7FFFFFFF
PC: 0x000000A8


cycle 157
PC: 0x000000AC


cycle 158
$04: 0x80000000
PC: 0x000000B0


cycle 159
PC: 0x000000B4


cycle 160
$04: 0x7FFFFFFF
PC: 0x000000B8


cycle 161
PC: 0x000000BC


cycle 162
PC: 0x000000C0


cycle 163
$04: 0x00000000
PC: 0x000000C4


cycle 164
$04: 0x80000001
PC: 0x000000C8


cycle 165
$03: 0xABCD0000
PC: 0x000000CC


cycle 166
$03: 0xABCD1234
PC: 0x000000D0


cycle 167
$04: 0x56780000
PC: 0x000000D4


cycle 168
$04: 0xABCD9ABC
PC: 0x000000D8


cycle 169
$05: 0xABCD1234
PC: 0x000000DC


cycle 170
$05: 0xABCD9ABC
PC: 0x000000E0


cycle 171
$05: 0x00008888
PC: 0x000000E4


cycle 172
$05: 0x54326543
PC: 0x000000E8


cycle 173
$05: 0x5432EDCB
PC: 0x000000EC


cycle 174
$05: 0x00001030
PC: 0x000000F0


cycle 175
$05: 0x00008224
PC: 0x000000F4


cycle 176
$05: 0xABCD9BB6
PC: 0x000000F8


cycle 177
$05: 0xABCD9FFC
PC: 0x000000FC


cycle 178
$05: 0x54326449
PC: 0x00000100


cycle 179
$05: 0x54326003
PC: 0x00000104


cycle 180
$03: 0x18870000
PC: 0x00000108


cycle 181
$03: 0x18878954
PC: 0x0000010C


cycle 182
$04: 0xAB140000
PC: 0x00000110


cycle 183
$04: 0x1887897C
PC: 0x00000114


cycle 184
$05: 0x18878954
PC: 0x00000118


cycle 185
$05: 0x1887897C
PC: 0x0000011C


cycle 186
$05: 0x00000028
PC: 0x00000120


cycle 187
$05: 0xE7787683
PC: 0x00000124


cycle 188
$05: 0xE77876AB
PC: 0x00000128


cycle 189
$05: 0x00008910
PC: 0x0000012C


cycle 190
$05: 0x00008164
PC: 0x00000130


cycle 191
$05: 0x188799F6
PC: 0x00000134


cycle 192
$05: 0x18878F7C
PC: 0x00000138


cycle 193
$05: 0xE7786609
PC: 0x0000013C


cycle 194
$05: 0xE7787083
PC: 0x00000140


cycle 195
PC: 0x00000144


cycle 196
PC: 0x00000148


cycle 197
PC: 0x0000014C


cycle 198
PC: 0x00000150


cycle 199
PC: 0x00000154


cycle 200
PC: 0x00000158


cycle 201
PC: 0x0000015C


cycle 202
PC: 0x00000160


cycle 203
$03: 0x00000000
PC: 0x00000164


cycle 204
PC: 0x00000168


cycle 205
PC: 0x0000016C


cycle 206
$03: 0x00000001
PC: 0x00000170


cycle 207
$03: 0x00000000
PC: 0x00000174


cycle 208
$03: 0x00000001
PC: 0x00000178


cycle 209
$03: 0x18870000
PC: 0x0000017C


cycle 210
$03: 0x18878954
PC: 0x00000180


cycle 211
$04: 0xAB140000
PC: 0x00000184


cycle 212
$04: 0x1887897C
PC: 0x00000188


cycle 213
$05: 0x00000001
PC: 0x0000018C


cycle 214
PC: 0x00000190


cycle 215
$05: 0x00000000
PC: 0x00000194


cycle 216
PC: 0x00000198


cycle 217
PC: 0x0000019C


cycle 218
PC: 0x000001A0


cycle 219
PC: 0x000001A4


cycle 220
PC: 0x000001A8


cycle 221
PC: 0x000001AC


cycle 222
PC: 0x000001B0


cycle 223
$03: 0x88870000
PC: 0x000001B4


cycle 224
$03: 0x88878954
PC: 0x000001B8


cycle 225
$04: 0x1B140000
PC: 0x000001BC


cycle 226
$04: 0x8887897C
PC: 0x000001C0


cycle 227
$05: 0x8887897C
PC: 0x000001C4


cycle 228
$05: 0x443C4BE0
PC: 0x000001C8


cycle 229
$05: 0x00000000
PC: 0x000001CC


cycle 230
$05: 0x88878954
PC: 0x000001D0


cycle 231
$05: 0x443C4AA0
PC: 0x000001D4


cycle 232
$05: 0x00000000
PC: 0x000001D8


cycle 233
$05: 0x8887897C
PC: 0x000001DC


cycle 234
$05: 0x1110F12F
PC: 0x000001E0


cycle 235
$05: 0x00000001
PC: 0x000001E4


cycle 236
$05: 0x88878954
PC: 0x000001E8


cycle 237
$05: 0x1110F12A
PC: 0x000001EC


cycle 238
$05: 0x00888789
PC: 0x000001F0


cycle 239
$05: 0x00000001
PC: 0x000001F4


cycle 240
$05: 0x8887897C
PC: 0x000001F8


cycle 241
$05: 0xF110F12F
PC: 0x000001FC


cycle 242
$05: 0xFFFFFFFF
PC: 0x00000200


cycle 243
$05: 0x88878954
PC: 0x00000204


cycle 244
$05: 0xF110F12A
PC: 0x00000208


cycle 245
$05: 0xFFFFFFFF
PC: 0x0000020C


cycle 246
$03: 0x00000060
PC: 0x00000210


cycle 247
PC: 0x0000021C


cycle 248
$03: 0xFFFF8060
PC: 0x00000220


cycle 249
$03: 0x0000005F
PC: 0x00000224


cycle 250
PC: 0x00000228


cycle 251
PC: 0x0000022C


cycle 252
PC: 0x00000230


cycle 253
PC: 0x00000234


cycle 254
$07: 0x00000001
PC: 0x00000238


cycle 255
$31: 0x0000023C
PC: 0x00000060


cycle 256
PC: 0x00000064


cycle 257
PC: 0x00000068


cycle 258
PC: 0x0000006C


cycle 259
$04: 0x7FFFFFFF
PC: 0x00000070


cycle 260
PC: 0x00000074


cycle 261
$04: 0x7FFFFFFE
PC: 0x00000078


cycle 262
PC: 0x0000007C


cycle 263
$04: 0x7FFFFFFF
PC: 0x00000080


cycle 264
$04: 0x8000005E
PC: 0x00000084


cycle 265
$04: 0x7FFFFFFE
PC: 0x00000088


cycle 266
PC: 0x0000008C


cycle 267
$04: 0x7FFFFFFF
PC: 0x00000090


cycle 268
$04: 0x00000000
PC: 0x00000094


cycle 269
$04: 0x80000000
PC: 0x00000098


cycle 270
PC: 0x0000009C


cycle 271
PC: 0x000000A0


cycle 272
$04: 0x00000000
PC: 0x000000A4


cycle 273
$04: 0x7FFFFFFF
PC: 0x000000A8


cycle 274
PC: 0x000000AC


cycle 275
$04: 0x80000000
PC: 0x000000B0


cycle 276
PC: 0x000000B4


cycle 277
$04: 0x7FFFFFFF
PC: 0x000000B8


cycle 278
PC: 0x000000BC


cycle 279
PC: 0x000000C0


cycle 280
$04: 0x00000000
PC: 0x000000C4


cycle 281
$04: 0x80000001
PC: 0x000000C8


cycle 282
$03: 0xABCD0000
PC: 0x000000CC


cycle 283
$03: 0xABCD1234
PC: 0x000000D0


cycle 284
$04: 0x56780000
PC: 0x000000D4


cycle 285
$04: 0xABCD9ABC
PC: 0x000000D8


cycle 286
$05: 0xABCD1234
PC: 0x000000DC


cycle 287
$05: 0xABCD9ABC
PC: 0x000000E0


cycle 288
$05: 0x00008888
PC: 0x000000E4


cycle 289
$05: 0x54326543
PC: 0x000000E8


cycle 290
$05: 0x5432EDCB
PC: 0x000000EC


cycle 291
$05: 0x00001030
PC: 0x000000F0


cycle 292
$05: 0x00008224
PC: 0x000000F4


cycle 293
$05: 0xABCD9BB6
PC: 0x000000F8


cycle 294
$05: 0xABCD9FFC
PC: 0x000000FC


cycle 295
$05: 0x54326449
PC: 0x00000100


cycle 296
$05: 0x54326003
PC: 0x00000104


cycle 297
$03: 0x18870000
PC: 0x00000108


cycle 298
$03: 0x18878954
PC: 0x0000010C


cycle 299
$04: 0xAB140000
PC: 0x00000110


cycle 300
$04: 0x1887897C
PC: 0x00000114


cycle 301
$05: 0x18878954
PC: 0x00000118


cycle 302
$05: 0x1887897C
PC: 0x0000011C


cycle 303
$05: 0x00000028
PC: 0x00000120


cycle 304
$05: 0xE7787683
PC: 0x00000124


cycle 305
$05: 0xE77876AB
PC: 0x00000128


cycle 306
$05: 0x00008910
PC: 0x0000012C


cycle 307
$05: 0x00008164
PC: 0x00000130


cycle 308
$05: 0x188799F6
PC: 0x00000134


cycle 309
$05: 0x18878F7C
PC: 0x00000138


cycle 310
$05: 0xE7786609
PC: 0x0000013C


cycle 311
$05: 0xE7787083
PC: 0x00000140


cycle 312
PC: 0x00000144


cycle 313
PC: 0x00000148


cycle 314
PC: 0x0000014C


cycle 315
PC: 0x00000150


cycle 316
PC: 0x00000154


cycle 317
PC: 0x00000158


cycle 318
PC: 0x0000015C


cycle 319
PC: 0x00000160


cycle 320
$03: 0x00000000
PC: 0x00000164


cycle 321
PC: 0x00000168


cycle 322
PC: 0x0000016C


cycle 323
$03: 0x00000001
PC: 0x00000170


cycle 324
$03: 0x00000000
PC: 0x00000174


cycle 325
$03: 0x00000001
PC: 0x00000178


cycle 326
$03: 0x18870000
PC: 0x0000017C


cycle 327
$03: 0x18878954
PC: 0x00000180


cycle 328
$04: 0xAB140000
PC: 0x00000184


cycle 329
$04: 0x1887897C
PC: 0x00000188


cycle 330
$05: 0x00000001
PC: 0x0000018C


cycle 331
PC: 0x00000190


cycle 332
$05: 0x00000000
PC: 0x00000194


cycle 333
PC: 0x00000198


cycle 334
PC: 0x0000019C


cycle 335
PC: 0x000001A0


cycle 336
PC: 0x000001A4


cycle 337
PC: 0x000001A8


cycle 338
PC: 0x000001AC


cycle 339
PC: 0x000001B0


cycle 340
$03: 0x88870000
PC: 0x000001B4


cycle 341
$03: 0x88878954
PC: 0x000001B8


cycle 342
$04: 0x1B140000
PC: 0x000001BC


cycle 343
$04: 0x8887897C
PC: 0x000001C0


cycle 344
$05: 0x8887897C
PC: 0x000001C4


cycle 345
$05: 0x443C4BE0
PC: 0x000001C8


cycle 346
$05: 0x00000000
PC: 0x000001CC


cycle 347
$05: 0x88878954
PC: 0x000001D0


cycle 348
$05: 0x443C4AA0
PC: 0x000001D4


cycle 349
$05: 0x00000000
PC: 0x000001D8


cycle 350
$05: 0x8887897C
PC: 0x000001DC


cycle 351
$05: 0x1110F12F
PC: 0x000001E0


cycle 352
$05: 0x00000001
PC: 0x000001E4


cycle 353
$05: 0x88878954
PC: 0x000001E8


cycle 354
$05: 0x1110F12A
PC: 0x000001EC


cycle 355
$05: 0x00888789
PC: 0x000001F0


cycle 356
$05: 0x00000001
PC: 0x000001F4


cycle 357
$05: 0x8887897C
PC: 0x000001F8


cycle 358
$05: 0xF110F12F
PC: 0x000001FC


cycle 359
$05: 0xFFFFFFFF
PC: 0x00000200


cycle 360
$05: 0x88878954
PC: 0x00000204


cycle 361
$05: 0xF110F12A
PC: 0x00000208


cycle 362
$05: 0xFFFFFFFF
PC: 0x0000020C


cycle 363
$03: 0x00000060
PC: 0x00000210


cycle 364
PC: 0x0000021C


cycle 365
$03: 0xFFFF8060
PC: 0x00000220


cycle 366
$03: 0x0000005F
PC: 0x00000224


cycle 367
PC: 0x00000228


cycle 368
PC: 0x0000022C


cycle 369
PC: 0x00000230


cycle 370
PC: 0x0000023C


cycle 371
PC: 0x00000240


cycle 372
PC: 0x00000244


cycle 373
$09: 0x00000001
PC: 0x00000248


cycle 374
PC: 0x0000024C


cycle 375
$11: 0x90D63AF0
PC: 0x00000250


cycle 376
PC: 0x00000254


cycle 377
$08: 0x00000004
PC: 0x00000258


cycle 378
PC: 0x00000244


cycle 379
PC: 0x00000248


cycle 380
PC: 0x0000024C


cycle 381
$11: 0x1C06DAC5
PC: 0x00000250


cycle 382
PC: 0x00000254


cycle 383
$08: 0x00000008
PC: 0x00000258


cycle 384
PC: 0x00000244


cycle 385
$09: 0x00000000
PC: 0x00000248


cycle 386
PC: 0x0000025C


cycle 387
$08: 0x00000000
PC: 0x00000260


cycle 388
$09: 0x00000001
PC: 0x00000264


cycle 389
PC: 0x00000268


cycle 390
$11: 0x000090D6
PC: 0x0000026C


cycle 391
$11: 0xFFFF90D6
PC: 0x00000270


cycle 392
PC: 0x00000274


cycle 393
$08: 0x00000002
PC: 0x00000278


cycle 394
PC: 0x00000260


cycle 395
PC: 0x00000264


cycle 396
PC: 0x00000268


cycle 397
$11: 0x00003AF0
PC: 0x0000026C


cycle 398
PC: 0x00000270


cycle 399
PC: 0x00000274


cycle 400
$08: 0x00000004
PC: 0x00000278


cycle 401
PC: 0x00000260


cycle 402
PC: 0x00000264


cycle 403
PC: 0x00000268


cycle 404
$11: 0x00001C06
PC: 0x0000026C


cycle 405
PC: 0x00000270


cycle 406
PC: 0x00000274


cycle 407
$08: 0x00000006
PC: 0x00000278


cycle 408
PC: 0x00000260


cycle 409
PC: 0x00000264


cycle 410
PC: 0x00000268


cycle 411
$11: 0x0000DAC5
PC: 0x0000026C


cycle 412
$11: 0xFFFFDAC5
PC: 0x00000270


cycle 413
PC: 0x00000274


cycle 414
$08: 0x00000008
PC: 0x00000278


cycle 415
PC: 0x00000260


cycle 416
$09: 0x00000000
PC: 0x00000264


cycle 417
PC: 0x0000027C


cycle 418
$08: 0x00000000
PC: 0x00000280


cycle 419
$09: 0x00000001
PC: 0x00000284


cycle 420
PC: 0x00000288


cycle 421
$11: 0xFFFFFF90
PC: 0x0000028C


cycle 422
$11: 0x00000090
PC: 0x00000290


cycle 423
$08: 0x00000001
PC: 0x00000294


cycle 424
PC: 0x00000280


cycle 425
PC: 0x00000284


cycle 426
PC: 0x00000288


cycle 427
$11: 0xFFFFFFD6
PC: 0x0000028C


cycle 428
$11: 0x000000D6
PC: 0x00000290


cycle 429
$08: 0x00000002
PC: 0x00000294


cycle 430
PC: 0x00000280


cycle 431
PC: 0x00000284


cycle 432
PC: 0x00000288


cycle 433
$11: 0x0000003A
PC: 0x0000028C


cycle 434
PC: 0x00000290


cycle 435
$08: 0x00000003
PC: 0x00000294


cycle 436
PC: 0x00000280


cycle 437
PC: 0x00000284


cycle 438
PC: 0x00000288


cycle 439
$11: 0xFFFFFFF0
PC: 0x0000028C


cycle 440
$11: 0x000000F0
PC: 0x00000290


cycle 441
$08: 0x00000004
PC: 0x00000294


cycle 442
PC: 0x00000280


cycle 443
PC: 0x00000284


cycle 444
PC: 0x00000288


cycle 445
$11: 0x0000001C
PC: 0x0000028C


cycle 446
PC: 0x00000290


cycle 447
$08: 0x00000005
PC: 0x00000294


cycle 448
PC: 0x00000280


cycle 449
PC: 0x00000284


cycle 450
PC: 0x00000288


cycle 451
$11: 0x00000006
PC: 0x0000028C


cycle 452
PC: 0x00000290


cycle 453
$08: 0x00000006
PC: 0x00000294


cycle 454
PC: 0x00000280


cycle 455
PC: 0x00000284


cycle 456
PC: 0x00000288


cycle 457
$11: 0xFFFFFFDA
PC: 0x0000028C


cycle 458
$11: 0x000000DA
PC: 0x00000290


cycle 459
$08: 0x00000007
PC: 0x00000294


cycle 460
PC: 0x00000280


cycle 461
PC: 0x00000284


cycle 462
PC: 0x00000288


cycle 463
$11: 0xFFFFFFC5
PC: 0x0000028C


cycle 464
$11: 0x000000C5
PC: 0x00000290


cycle 465
$08: 0x00000008
PC: 0x00000294


cycle 466
PC: 0x00000280


cycle 467
$09: 0x00000000
PC: 0x00000284


cycle 468
PC: 0x00000298


cycle 469
$08: 0x00000000
PC: 0x0000029C


cycle 470
$09: 0x00000001
PC: 0x000002A0


cycle 471
PC: 0x000002A4


cycle 472
$11: 0x90D63AF0
PC: 0x000002A8


cycle 473
$08: 0x00000004
PC: 0x000002AC


cycle 474
PC: 0x0000029C


cycle 475
PC: 0x000002A0


cycle 476
PC: 0x000002A4


cycle 477
$11: 0x1C06DAC5
PC: 0x000002A8


cycle 478
$08: 0x00000008
PC: 0x000002AC


cycle 479
PC: 0x0000029C


cycle 480
$09: 0x00000000
PC: 0x000002A0


cycle 481
PC: 0x000002B0


cycle 482
$10: 0x7FFF0000
PC: 0x000002B4


cycle 483
$10: 0x7FFFFFFC
PC: 0x000002B8


